2020-05-11 08:30:51,043 INFO o.a.j.s.FileServer: Set new base='/Users/nikhk001/Desktop/SplukPOC'
2020-05-11 08:30:52,043 INFO o.a.j.s.SaveService: Loading file: /Users/nikhk001/Desktop/SplukPOC/SplunkPOCApp.jmx
2020-05-11 08:30:53,252 INFO o.a.j.JMeter: Running test (1529700652660)
2020-05-11 16:40:03,627 INFO o.a.j.e.StandardJMeterEngine: Notifying test listeners of end of test
2020-05-11 13:30:51,043 INFO o.a.j.s.FileServer: Set new base='/Users/nikhk001/Desktop/SplukPOC'
2020-05-11 13:30:52,043 INFO o.a.j.s.SaveService: Loading file: /Users/nikhk001/Desktop/SplukPOC/SplunkPOCApp.jmx
2020-05-11 13:30:53,252 INFO o.a.j.JMeter: Running test (1529700653860)
2020-05-11 15:40:03,627 INFO o.a.j.e.StandardJMeterEngine: Notifying test listeners of end of test
2020-05-12 09:30:51,043 INFO o.a.j.s.FileServer: Set new base='/Users/nikhk001/Desktop/SplukPOC'
2020-05-12 09:30:52,043 INFO o.a.j.s.SaveService: Loading file: /Users/nikhk001/Desktop/SplukPOC/SplunkPOCApp.jmx
2020-05-12 09:30:53,252 INFO o.a.j.JMeter: Running test (1529700652960)
2020-05-12 17:40:03,627 INFO o.a.j.e.StandardJMeterEngine: Notifying test listeners of end of test
2020-05-12 14:30:51,043 INFO o.a.j.s.FileServer: Set new base='/Users/nikhk001/Desktop/SplukPOC'
2020-05-12 14:30:52,043 INFO o.a.j.s.SaveService: Loading file: /Users/nikhk001/Desktop/SplukPOC/DemoUIApp.jmx
2020-05-12 14:30:53,252 INFO o.a.j.JMeter: Running test (1529700653960)
2020-05-12 15:40:03,627 INFO o.a.j.e.StandardJMeterEngine: Notifying test listeners of end of test
2020-05-13 09:30:51,043 INFO o.a.j.s.FileServer: Set new base='/Users/nikhk001/Desktop/SplukPOC'
2020-05-13 09:30:52,043 INFO o.a.j.s.SaveService: Loading file: /Users/nikhk001/Desktop/SplukPOC/WebServiceTestApp.jmx
2020-05-13 09:30:53,252 INFO o.a.j.JMeter: Running test (1589700652960)
2020-05-13 10:40:03,627 INFO o.a.j.e.StandardJMeterEngine: Notifying test listeners of end of test
2020-05-14 09:00:40,862 INFO o.a.j.s.FileServer: Set new base='/Users/nikhk001/Desktop/SplukPOC'
2020-05-14 09:00:43,567 INFO o.a.j.s.SaveService: Loading file: /Users/nikhk001/Desktop/SplukPOC/DemoUIApp.jmx
2020-05-14 09:00:44,252 INFO o.a.j.JMeter: Running test (1589704352960)
2020-05-14 10:05:03,627 INFO o.a.j.e.StandardJMeterEngine: Notifying test listeners of end of test
2020-05-14 14:00:51,862 INFO o.a.j.s.FileServer: Set new base='/Users/nikhk001/Desktop/SplukPOC'
2020-05-14 14:00:52,862 INFO o.a.j.s.SaveService: Loading file: /Users/nikhk001/Desktop/SplukPOC/WebServiceTestApp.jmx
2020-05-14 14:00:54,252 INFO o.a.j.JMeter: Running test (1589708052960)
2020-05-14 15:05:02,423 INFO o.a.j.e.StandardJMeterEngine: Notifying test listeners of end of test
2020-05-15 09:00:40,862 INFO o.a.j.s.FileServer: Set new base='/Users/nikhk001/Desktop/SplukPOC'
2020-05-15 09:00:42,567 INFO o.a.j.s.SaveService: Loading file: /Users/nikhk001/Desktop/SplukPOC/DemoUIApp.jmx
2020-05-15 09:00:45,252 INFO o.a.j.JMeter: Running test (1589715452960)
2020-05-15 10:05:03,627 INFO o.a.j.e.StandardJMeterEngine: Notifying test listeners of end of test
2020-05-15 09:30:51,043 INFO o.a.j.s.FileServer: Set new base='/Users/nikhk001/Desktop/SplukPOC'
2020-05-15 09:30:52,043 INFO o.a.j.s.SaveService: Loading file: /Users/nikhk001/Desktop/SplukPOC/WebServiceTestApp.jmx
2020-05-15 09:30:55,252 INFO o.a.j.JMeter: Running test (1589719152960)
2020-05-15 14:40:03,627 INFO o.a.j.e.StandardJMeterEngine: Notifying test listeners of end of test
2020-05-15 15:30:51,043 INFO o.a.j.s.FileServer: Set new base='/Users/nikhk001/Desktop/SplukPOC'
2020-05-15 15:30:53,043 INFO o.a.j.s.SaveService: Loading file: /Users/nikhk001/Desktop/SplukPOC/MQTestApp.jmx
2020-05-15 15:30:55,252 INFO o.a.j.JMeter: Running test (1589722852960)
2020-05-15 16:40:03,627 INFO o.a.j.e.StandardJMeterEngine: Notifying test listeners of end of test
2020-05-16 13:30:51,043 INFO o.a.j.s.FileServer: Set new base='/Users/nikhk001/Desktop/SplukPOC'
2020-05-16 13:30:53,043 INFO o.a.j.s.SaveService: Loading file: /Users/nikhk001/Desktop/SplukPOC/MQTestApp.jmx
2020-05-16 13:30:55,252 INFO o.a.j.JMeter: Running test (1589726552960)
2020-05-16 14:40:03,627 INFO o.a.j.e.StandardJMeterEngine: Notifying test listeners of end of test
2020-05-17 13:30:51,043 INFO o.a.j.s.FileServer: Set new base='/Users/nikhk001/Desktop/SplukPOC'
2020-05-17 13:30:53,043 INFO o.a.j.s.SaveService: Loading file: /Users/nikhk001/Desktop/SplukPOC/MQTestApp.jmx
2020-05-17 13:30:55,252 INFO o.a.j.JMeter: Running test (1589726552960)
2020-05-17 14:40:03,627 INFO o.a.j.e.StandardJMeterEngine: Notifying test listeners of end of test